
> angelicui-storybook@1.0.0 build-storybook
> storybook build --output-dir=/var/folders/3n/y3t12xy17txd4516ppln0_f00000gn/T/chromatic--25269-nOD3KA8Ih0pA --webpack-stats-json=/var/folders/3n/y3t12xy17txd4516ppln0_f00000gn/T/chromatic--25269-nOD3KA8Ih0pA

[1m@storybook/core v8.4.7
[22m
info => Cleaning outputDir: [36m../../../../var/folders/3n/y3t12xy17txd4516ppln0_f00000gn/T/chromatic--25269-nOD3KA8Ih0pA[39m
info => Loading presets
info => Building manager..
info => Manager built ([38;2;181;126;229m84 ms[39m)
info => Building preview..
[36mvite v6.0.7 [32mbuilding for production...[36m[39m
transforming...
[32m✓[39m 285 modules transformed.
rendering chunks...
[2m../../../../var/folders/3n/y3t12xy17txd4516ppln0_f00000gn/T/chromatic--25269-nOD3KA8Ih0pA/[22m[32miframe.html                           [39m[1m[2m 16.18 kB[22m[1m[22m
[2m../../../../var/folders/3n/y3t12xy17txd4516ppln0_f00000gn/T/chromatic--25269-nOD3KA8Ih0pA/[22m[2massets/[22m[35mCodeBlock-D6TvkwLr.css         [39m[1m[2m  0.97 kB[22m[1m[22m
[2m../../../../var/folders/3n/y3t12xy17txd4516ppln0_f00000gn/T/chromatic--25269-nOD3KA8Ih0pA/[22m[2massets/[22m[35mpreview-BCQio9Zu.css           [39m[1m[2m  6.50 kB[22m[1m[22m
[2m../../../../var/folders/3n/y3t12xy17txd4516ppln0_f00000gn/T/chromatic--25269-nOD3KA8Ih0pA/[22m[2massets/[22m[36mpreview-CVgpLj3b.js            [39m[1m[2m  0.05 kB[22m[1m[22m
[2m../../../../var/folders/3n/y3t12xy17txd4516ppln0_f00000gn/T/chromatic--25269-nOD3KA8Ih0pA/[22m[2massets/[22m[36mpreview-BmbWeJDR.js            [39m[1m[2m  0.16 kB[22m[1m[22m
[2m../../../../var/folders/3n/y3t12xy17txd4516ppln0_f00000gn/T/chromatic--25269-nOD3KA8Ih0pA/[22m[2massets/[22m[36mModal-DJP1LAjm.js              [39m[1m[2m  0.59 kB[22m[1m[22m
[2m../../../../var/folders/3n/y3t12xy17txd4516ppln0_f00000gn/T/chromatic--25269-nOD3KA8Ih0pA/[22m[2massets/[22m[36mpreview-caVMbCIR.js            [39m[1m[2m  0.69 kB[22m[1m[22m
[2m../../../../var/folders/3n/y3t12xy17txd4516ppln0_f00000gn/T/chromatic--25269-nOD3KA8Ih0pA/[22m[2massets/[22m[36mindex-ogSvIofg.js              [39m[1m[2m  0.77 kB[22m[1m[22m
[2m../../../../var/folders/3n/y3t12xy17txd4516ppln0_f00000gn/T/chromatic--25269-nOD3KA8Ih0pA/[22m[2massets/[22m[36mpreview-CiKkMkb6.js            [39m[1m[2m  1.11 kB[22m[1m[22m
[2m../../../../var/folders/3n/y3t12xy17txd4516ppln0_f00000gn/T/chromatic--25269-nOD3KA8Ih0pA/[22m[2massets/[22m[36mModal.stories-DX23JIyS.js      [39m[1m[2m  2.01 kB[22m[1m[22m
[2m../../../../var/folders/3n/y3t12xy17txd4516ppln0_f00000gn/T/chromatic--25269-nOD3KA8Ih0pA/[22m[2massets/[22m[36mpreview-BYI60jBg.js            [39m[1m[2m  3.39 kB[22m[1m[22m
[2m../../../../var/folders/3n/y3t12xy17txd4516ppln0_f00000gn/T/chromatic--25269-nOD3KA8Ih0pA/[22m[2massets/[22m[36miframe-BAHM7qSo.js             [39m[1m[2m  3.85 kB[22m[1m[22m
[2m../../../../var/folders/3n/y3t12xy17txd4516ppln0_f00000gn/T/chromatic--25269-nOD3KA8Ih0pA/[22m[2massets/[22m[36mindex-4KXsHk7R.js              [39m[1m[2m  3.89 kB[22m[1m[22m
[2m../../../../var/folders/3n/y3t12xy17txd4516ppln0_f00000gn/T/chromatic--25269-nOD3KA8Ih0pA/[22m[2massets/[22m[36mpreview-DrF-kgdk.js            [39m[1m[2m  4.84 kB[22m[1m[22m
[2m../../../../var/folders/3n/y3t12xy17txd4516ppln0_f00000gn/T/chromatic--25269-nOD3KA8Ih0pA/[22m[2massets/[22m[36mpreview-DY_pW_WS.js            [39m[1m[2m  7.62 kB[22m[1m[22m
[2m../../../../var/folders/3n/y3t12xy17txd4516ppln0_f00000gn/T/chromatic--25269-nOD3KA8Ih0pA/[22m[2massets/[22m[36mindex-S4mdNhln.js              [39m[1m[2m  7.90 kB[22m[1m[22m
[2m../../../../var/folders/3n/y3t12xy17txd4516ppln0_f00000gn/T/chromatic--25269-nOD3KA8Ih0pA/[22m[2massets/[22m[36mpreview-CuLlOZat.js            [39m[1m[2m  8.08 kB[22m[1m[22m
[2m../../../../var/folders/3n/y3t12xy17txd4516ppln0_f00000gn/T/chromatic--25269-nOD3KA8Ih0pA/[22m[2massets/[22m[36mentry-preview-D7LC-9nA.js      [39m[1m[2m 29.33 kB[22m[1m[22m
[2m../../../../var/folders/3n/y3t12xy17txd4516ppln0_f00000gn/T/chromatic--25269-nOD3KA8Ih0pA/[22m[2massets/[22m[36mreact-18-BsRH-wPT.js           [39m[1m[2m173.04 kB[22m[1m[22m
[2m../../../../var/folders/3n/y3t12xy17txd4516ppln0_f00000gn/T/chromatic--25269-nOD3KA8Ih0pA/[22m[2massets/[22m[36mpreview-CW2U87bU.js            [39m[1m[33m542.92 kB[39m[22m
[2m../../../../var/folders/3n/y3t12xy17txd4516ppln0_f00000gn/T/chromatic--25269-nOD3KA8Ih0pA/[22m[2massets/[22m[36mCodeBlock.stories-Chs3yoTO.js  [39m[1m[33m944.45 kB[39m[22m
[32m✓ built in 1.74s[39m
info => Preview built ([38;2;181;126;229m1.84 s[39m)
info => preview stats written to [36m/var/folders/3n/y3t12xy17txd4516ppln0_f00000gn/T/chromatic--25269-nOD3KA8Ih0pA/preview-stats.json[39m
info => Output directory: /var/folders/3n/y3t12xy17txd4516ppln0_f00000gn/T/chromatic--25269-nOD3KA8Ih0pA
